<?xml version="1.0" encoding="UTF-8"?>
<testsuite name="hello.core.order.OrderServiceTest" tests="1" skipped="0" failures="0" errors="0" timestamp="2025-05-13T06:33:16" hostname="DESKTOP-MEQKU5A" time="0.0">
  <properties/>
  <testcase name="createOrder()" classname="hello.core.order.OrderServiceTest" time="0.0"/>
  <system-out><![CDATA[]]></system-out>
  <system-err><![CDATA[]]></system-err>
</testsuite>
