<?xml version="1.0" encoding="UTF-8"?>
<testsuite name="hello.core.discount.RateDiscountPolicyTest" tests="1" skipped="0" failures="0" errors="0" timestamp="2025-05-13T06:33:16" hostname="DESKTOP-MEQKU5A" time="0.037">
  <properties/>
  <testcase name="VIP는 10% 할인이 적용되어야 한다" classname="hello.core.discount.RateDiscountPolicyTest" time="0.037"/>
  <system-out><![CDATA[]]></system-out>
  <system-err><![CDATA[]]></system-err>
</testsuite>
